2026-02-19 11:45:14 [ERROR] config\CSC\config.toml (The system cannot find the file specified)
2026-02-19 11:45:14 [INFO] CSC is loading...   Success！
2026-02-19 11:45:16 [INFO]   Detected cloud rule update, preparing to download~
2026-02-19 11:45:16 [INFO]   Update completed~
2026-02-19 12:34:33 [INFO] CSC is loading...   Success！
2026-02-19 12:36:43 [INFO]    _____  _____  _____ 
2026-02-19 12:36:43 [INFO]   / ____|/ ____|/ ____|
2026-02-19 12:36:43 [INFO]  | |    | (___ | |        [CSC] Version: v0.21.14
2026-02-19 12:36:43 [INFO]  | |     \___ \| |        Minecraft Version: 1.20.1 forge
2026-02-19 12:36:43 [INFO]  | |____ ____) | |____    Problem/Feedback: Tencent QQ：1061133894
2026-02-19 12:36:43 [INFO]   \_____|_____/ \_____|
2026-02-19 12:36:43 [INFO]                        
2026-02-19 12:40:09 [INFO] CSC close completely, thanks for using!
2026-02-19 12:41:22 [INFO] CSC is loading...   Success！
2026-02-19 12:45:03 [INFO]    _____  _____  _____ 
2026-02-19 12:45:03 [INFO]   / ____|/ ____|/ ____|
2026-02-19 12:45:03 [INFO]  | |    | (___ | |        [CSC] Version: v0.21.14
2026-02-19 12:45:03 [INFO]  | |     \___ \| |        Minecraft Version: 1.20.1 forge
2026-02-19 12:45:03 [INFO]  | |____ ____) | |____    Problem/Feedback: Tencent QQ：1061133894
2026-02-19 12:45:03 [INFO]   \_____|_____/ \_____|
2026-02-19 12:45:03 [INFO]                        
2026-02-19 12:45:37 [INFO] CSC close completely, thanks for using!
2026-02-19 12:46:08 [INFO]    _____  _____  _____ 
2026-02-19 12:46:08 [INFO]   / ____|/ ____|/ ____|
2026-02-19 12:46:08 [INFO]  | |    | (___ | |        [CSC] Version: v0.21.14
2026-02-19 12:46:08 [INFO]  | |     \___ \| |        Minecraft Version: 1.20.1 forge
2026-02-19 12:46:08 [INFO]  | |____ ____) | |____    Problem/Feedback: Tencent QQ：1061133894
2026-02-19 12:46:08 [INFO]   \_____|_____/ \_____|
2026-02-19 12:46:08 [INFO]                        
2026-02-19 12:48:53 [INFO] CSC close completely, thanks for using!
2026-02-19 12:54:26 [INFO] CSC is loading...   Success！
2026-02-19 12:58:43 [INFO] CSC is loading...   Success！
2026-02-19 13:03:59 [INFO] CSC is loading...   Success！
2026-02-19 13:10:11 [INFO] CSC is loading...   Success！
2026-02-19 13:20:20 [INFO] CSC is loading...   Success！
2026-02-19 13:21:34 [INFO] CSC is loading...   Success！
2026-02-19 13:22:30 [INFO]    _____  _____  _____ 
2026-02-19 13:22:30 [INFO]   / ____|/ ____|/ ____|
2026-02-19 13:22:30 [INFO]  | |    | (___ | |        [CSC] Version: v0.21.14
2026-02-19 13:22:30 [INFO]  | |     \___ \| |        Minecraft Version: 1.20.1 forge
2026-02-19 13:22:30 [INFO]  | |____ ____) | |____    Problem/Feedback: Tencent QQ：1061133894
2026-02-19 13:22:30 [INFO]   \_____|_____/ \_____|
2026-02-19 13:22:30 [INFO]                        
2026-02-19 13:24:08 [INFO] CSC close completely, thanks for using!
2026-02-19 13:26:05 [INFO] CSC is loading...   Success！
2026-02-19 14:51:09 [INFO] CSC is loading...   Success！
2026-02-22 12:23:50 [INFO] CSC is loading...   Success！
2026-02-22 12:24:24 [INFO]    _____  _____  _____ 
2026-02-22 12:24:24 [INFO]   / ____|/ ____|/ ____|
2026-02-22 12:24:24 [INFO]  | |    | (___ | |        [CSC] Version: v0.21.14
2026-02-22 12:24:24 [INFO]  | |     \___ \| |        Minecraft Version: 1.20.1 forge
2026-02-22 12:24:24 [INFO]  | |____ ____) | |____    Problem/Feedback: Tencent QQ：1061133894
2026-02-22 12:24:24 [INFO]   \_____|_____/ \_____|
2026-02-22 12:24:24 [INFO]                        
2026-02-22 12:27:43 [INFO] CSC close completely, thanks for using!
2026-02-22 12:28:25 [INFO]    _____  _____  _____ 
2026-02-22 12:28:25 [INFO]   / ____|/ ____|/ ____|
2026-02-22 12:28:25 [INFO]  | |    | (___ | |        [CSC] Version: v0.21.14
2026-02-22 12:28:25 [INFO]  | |     \___ \| |        Minecraft Version: 1.20.1 forge
2026-02-22 12:28:25 [INFO]  | |____ ____) | |____    Problem/Feedback: Tencent QQ：1061133894
2026-02-22 12:28:25 [INFO]   \_____|_____/ \_____|
2026-02-22 12:28:25 [INFO]                        
2026-02-22 13:36:31 [INFO] CSC close completely, thanks for using!
2026-02-22 13:40:16 [INFO] CSC is loading...   Success！
2026-02-22 13:45:32 [INFO] CSC is loading...   Success！
2026-02-22 15:18:56 [INFO] CSC is loading...   Success！
2026-02-22 15:36:50 [INFO]    _____  _____  _____ 
2026-02-22 15:36:50 [INFO]   / ____|/ ____|/ ____|
2026-02-22 15:36:50 [INFO]  | |    | (___ | |        [CSC] Version: v0.21.14
2026-02-22 15:36:50 [INFO]  | |     \___ \| |        Minecraft Version: 1.20.1 forge
2026-02-22 15:36:50 [INFO]  | |____ ____) | |____    Problem/Feedback: Tencent QQ：1061133894
2026-02-22 15:36:50 [INFO]   \_____|_____/ \_____|
2026-02-22 15:36:50 [INFO]                        
2026-02-22 16:01:41 [INFO] CSC close completely, thanks for using!
2026-02-22 16:02:34 [INFO] CSC is loading...   Success！
2026-02-22 16:03:21 [INFO]    _____  _____  _____ 
2026-02-22 16:03:21 [INFO]   / ____|/ ____|/ ____|
2026-02-22 16:03:21 [INFO]  | |    | (___ | |        [CSC] Version: v0.21.14
2026-02-22 16:03:21 [INFO]  | |     \___ \| |        Minecraft Version: 1.20.1 forge
2026-02-22 16:03:21 [INFO]  | |____ ____) | |____    Problem/Feedback: Tencent QQ：1061133894
2026-02-22 16:03:21 [INFO]   \_____|_____/ \_____|
2026-02-22 16:03:21 [INFO]                        
2026-02-22 16:14:24 [INFO] CSC close completely, thanks for using!
2026-02-22 16:16:01 [INFO] CSC is loading...   Success！
2026-02-22 16:17:26 [INFO] CSC is loading...   Success！
2026-02-22 16:18:26 [INFO]    _____  _____  _____ 
2026-02-22 16:18:26 [INFO]   / ____|/ ____|/ ____|
2026-02-22 16:18:26 [INFO]  | |    | (___ | |        [CSC] Version: v0.21.14
2026-02-22 16:18:26 [INFO]  | |     \___ \| |        Minecraft Version: 1.20.1 forge
2026-02-22 16:18:26 [INFO]  | |____ ____) | |____    Problem/Feedback: Tencent QQ：1061133894
2026-02-22 16:18:26 [INFO]   \_____|_____/ \_____|
2026-02-22 16:18:26 [INFO]                        
2026-02-22 16:23:20 [INFO] CSC close completely, thanks for using!
2026-02-22 16:45:02 [INFO] CSC is loading...   Success！
2026-02-22 18:37:14 [INFO] CSC is loading...   Success！
